<?xml version="1.0" encoding="UTF-8"?>
<!-- Generated by org.testng.reporters.JUnitReportReporter -->
<testsuite hostname="MAC-LAP-113" name="jirazephyrpaxk.jira2" tests="1" failures="0" timestamp="6 Aug 2018 17:23:46 GMT" time="16.143" errors="0">
  <testcase name="zephyrtestingtwo" time="16.143" classname="jirazephyrpaxk.jira2"/>
</testsuite> <!-- jirazephyrpaxk.jira2 -->
