<?xml version="1.0" encoding="UTF-8"?>
<!-- Generated by org.testng.reporters.JUnitReportReporter -->
<testsuite hostname="MAC-LAP-113" name="jirazephyrpaxk.jira2" tests="1" failures="0" timestamp="4 Aug 2018 18:52:43 GMT" time="36.268" errors="0">
  <testcase name="zephyrtestingtwo" time="36.268" classname="jirazephyrpaxk.jira2"/>
</testsuite> <!-- jirazephyrpaxk.jira2 -->
