<?xml version="1.0" encoding="UTF-8"?>
<!-- Generated by org.testng.reporters.JUnitReportReporter -->
<testsuite hostname="MAC-LAP-113" name="jirazephyrpaxk.jira" tests="1" failures="0" timestamp="10 Aug 2018 07:17:29 GMT" time="14.150" errors="0">
  <testcase name="zephyrtesting" time="14.150" classname="jirazephyrpaxk.jira"/>
</testsuite> <!-- jirazephyrpaxk.jira -->
